<?xml version="1.0" encoding="UTF-8"?>
<testsuite name="lifeform.TestLifeForm" tests="7" skipped="0" failures="0" errors="0" timestamp="2019-10-29T12:57:06" hostname="Andrews-MacBook-Pro.local" time="0.003">
  <properties/>
  <testcase name="testTakeHit" classname="lifeform.TestLifeForm" time="0.0"/>
  <testcase name="testAttackWithWeapon" classname="lifeform.TestLifeForm" time="0.001"/>
  <testcase name="testInitialization" classname="lifeform.TestLifeForm" time="0.0"/>
  <testcase name="testHandToHandOutOfRange" classname="lifeform.TestLifeForm" time="0.0"/>
  <testcase name="testWeaponPickUpAndDrop" classname="lifeform.TestLifeForm" time="0.0"/>
  <testcase name="testAttack" classname="lifeform.TestLifeForm" time="0.0"/>
  <testcase name="testDeadCantAttack" classname="lifeform.TestLifeForm" time="0.0"/>
  <system-out><![CDATA[]]></system-out>
  <system-err><![CDATA[]]></system-err>
</testsuite>
