<?xml version="1.0" encoding="UTF-8"?>
<testsuite name="environment.TestEnvironment" tests="7" skipped="0" failures="0" errors="0" timestamp="2019-10-30T00:35:20" hostname="Andrews-MacBook-Pro.local" time="0.008">
  <properties/>
  <testcase name="testRemoveLifeForm" classname="environment.TestEnvironment" time="0.002"/>
  <testcase name="testSingleton" classname="environment.TestEnvironment" time="0.001"/>
  <testcase name="testAddLifeForm" classname="environment.TestEnvironment" time="0.001"/>
  <testcase name="testGetters" classname="environment.TestEnvironment" time="0.001"/>
  <testcase name="testInitialization" classname="environment.TestEnvironment" time="0.0"/>
  <testcase name="testDistance" classname="environment.TestEnvironment" time="0.001"/>
  <testcase name="testDistanceLifeForms" classname="environment.TestEnvironment" time="0.001"/>
  <system-out><![CDATA[]]></system-out>
  <system-err><![CDATA[]]></system-err>
</testsuite>
