<?xml version="1.0" encoding="UTF-8"?>
<testsuite name="gameplay.TestSimpleTimer" tests="5" skipped="0" failures="0" errors="0" timestamp="2019-10-29T15:11:47" hostname="LAPTOP-JOIFGNL9" time="5.261">
  <properties/>
  <testcase name="testSimpleTimerAsThread" classname="gameplay.TestSimpleTimer" time="5.255"/>
  <testcase name="testAddOneAndUpdate" classname="gameplay.TestSimpleTimer" time="0.002"/>
  <testcase name="testInitialization" classname="gameplay.TestSimpleTimer" time="0.001"/>
  <testcase name="testAddThreeAndUpdate" classname="gameplay.TestSimpleTimer" time="0.002"/>
  <testcase name="testRemoveObserver" classname="gameplay.TestSimpleTimer" time="0.0"/>
  <system-out><![CDATA[]]></system-out>
  <system-err><![CDATA[]]></system-err>
</testsuite>
