<?xml version="1.0" encoding="UTF-8"?>
<testsuite name="recovery.TestRecoveryFractional" tests="4" skipped="0" failures="0" errors="0" timestamp="2019-10-24T16:48:45" hostname="Andrews-MacBook-Pro.local" time="0.001">
  <properties/>
  <testcase name="testRecoverToMax" classname="recovery.TestRecoveryFractional" time="0.0"/>
  <testcase name="testRecoverFullPercent" classname="recovery.TestRecoveryFractional" time="0.001"/>
  <testcase name="testNoDamage" classname="recovery.TestRecoveryFractional" time="0.0"/>
  <testcase name="testRecoverFromZero" classname="recovery.TestRecoveryFractional" time="0.0"/>
  <system-out><![CDATA[]]></system-out>
  <system-err><![CDATA[]]></system-err>
</testsuite>
