<?xml version="1.0" encoding="UTF-8"?>
<testsuite name="recovery.TestRecovery" tests="5" skipped="0" failures="0" errors="0" timestamp="2019-10-30T15:02:54" hostname="Andrews-MacBook-Pro.local" time="0.001">
  <properties/>
  <testcase name="testRecoverFullAmount" classname="recovery.TestRecovery" time="0.0"/>
  <testcase name="testNoRecoveryWhenNotHurt" classname="recovery.TestRecovery" time="0.0"/>
  <testcase name="testRecoveryNone" classname="recovery.TestRecovery" time="0.0"/>
  <testcase name="testNoReturnFromDead" classname="recovery.TestRecovery" time="0.001"/>
  <testcase name="testRecoveryPartial" classname="recovery.TestRecovery" time="0.0"/>
  <system-out><![CDATA[]]></system-out>
  <system-err><![CDATA[]]></system-err>
</testsuite>
